2019-11-13 11:34:57 INFO  Graph:149 - Edges passing out of Index v : 0
2019-11-13 11:34:57 INFO  Graph:149 - Edges passing out of Index v : 1
2019-11-13 11:34:57 INFO  Graph:149 - Edges passing out of Index v : 2
2019-11-13 11:34:57 INFO  Graph:149 - Edges passing out of Index v : 3
2019-11-13 11:46:14 DEBUG Graph:57 - Node visited is :2
2019-11-13 11:46:14 DEBUG Graph:57 - Node visited is :0
2019-11-13 11:46:14 DEBUG Graph:57 - Node visited is :3
2019-11-13 11:46:14 DEBUG Graph:57 - Node visited is :1
2019-11-13 11:46:15 DEBUG Graph:86 - Node visited is :2
2019-11-13 11:46:15 DEBUG Graph:86 - Node visited is :3
2019-11-13 11:46:15 DEBUG Graph:86 - Node visited is :0
2019-11-13 11:46:15 DEBUG Graph:86 - Node visited is :1
2019-11-13 11:46:15 DEBUG Graph:149 - Edges passing out of Index v : 0
2019-11-13 11:46:15 DEBUG Graph:152 - /t1---> 0weight :0
2019-11-13 11:46:15 DEBUG Graph:152 - /t2---> 0weight :0
2019-11-13 11:46:15 DEBUG Graph:149 - Edges passing out of Index v : 1
2019-11-13 11:46:15 DEBUG Graph:152 - /t2---> 1weight :0
2019-11-13 11:46:15 DEBUG Graph:149 - Edges passing out of Index v : 2
2019-11-13 11:46:15 DEBUG Graph:152 - /t0---> 2weight :0
2019-11-13 11:46:15 DEBUG Graph:152 - /t3---> 2weight :0
2019-11-13 11:46:15 DEBUG Graph:149 - Edges passing out of Index v : 3
2019-11-13 11:46:15 DEBUG Graph:152 - /t3---> 3weight :0
2019-11-13 11:49:32 DEBUG TestGraph:38 - Testing BFS
2019-11-13 11:49:32 DEBUG Graph:57 - Node visited is :2
2019-11-13 11:49:32 DEBUG Graph:57 - Node visited is :0
2019-11-13 11:49:32 DEBUG Graph:57 - Node visited is :3
2019-11-13 11:49:32 DEBUG Graph:57 - Node visited is :1
2019-11-13 11:49:32 DEBUG TestGraph:55 - Testing DFS
2019-11-13 11:49:32 DEBUG Graph:86 - Node visited is :2
2019-11-13 11:49:32 DEBUG Graph:86 - Node visited is :3
2019-11-13 11:49:32 DEBUG Graph:86 - Node visited is :0
2019-11-13 11:49:32 DEBUG Graph:86 - Node visited is :1
2019-11-13 11:49:32 DEBUG TestGraph:19 - Testing Graph Representation
2019-11-13 11:49:32 DEBUG Graph:149 - Edges passing out of Index v : 0
2019-11-13 11:49:32 DEBUG Graph:152 - /t1---> 0weight :0
2019-11-13 11:49:32 DEBUG Graph:152 - /t2---> 0weight :0
2019-11-13 11:49:32 DEBUG Graph:149 - Edges passing out of Index v : 1
2019-11-13 11:49:32 DEBUG Graph:152 - /t2---> 1weight :0
2019-11-13 11:49:32 DEBUG Graph:149 - Edges passing out of Index v : 2
2019-11-13 11:49:32 DEBUG Graph:152 - /t0---> 2weight :0
2019-11-13 11:49:32 DEBUG Graph:152 - /t3---> 2weight :0
2019-11-13 11:49:32 DEBUG Graph:149 - Edges passing out of Index v : 3
2019-11-13 11:49:32 DEBUG Graph:152 - /t3---> 3weight :0
2019-11-13 11:49:32 DEBUG TestGraph:73 - Testing if the directed graph is cyclic
2019-11-13 11:51:16 DEBUG TestGraph:55 - Testing DFS
2019-11-13 11:51:16 DEBUG Graph:86 - Node visited is :2
2019-11-13 11:51:16 DEBUG Graph:86 - Node visited is :3
2019-11-13 11:51:16 DEBUG Graph:86 - Node visited is :0
2019-11-13 11:51:16 DEBUG Graph:86 - Node visited is :1
2019-11-13 11:52:19 DEBUG TestGraph:55 - Testing DFS
2019-11-13 11:52:19 DEBUG Graph:86 - Node visited is :2
2019-11-13 11:52:19 DEBUG Graph:86 - Node visited is :3
2019-11-13 11:52:19 DEBUG Graph:86 - Node visited is :0
2019-11-13 11:52:19 DEBUG Graph:86 - Node visited is :1
2019-11-13 16:07:35 DEBUG TestGraph:99 - Following is a Topological sort of the given graph
2019-11-13 16:07:35 DEBUG TestGraph:104 - 5 
2019-11-13 16:07:35 DEBUG TestGraph:104 - 4 
2019-11-13 16:07:35 DEBUG TestGraph:104 - 2 
2019-11-13 16:07:35 DEBUG TestGraph:104 - 3 
2019-11-13 16:07:35 DEBUG TestGraph:104 - 1 
2019-11-13 16:07:35 DEBUG TestGraph:104 - 0 
2019-11-13 18:58:53 DEBUG Graph:233 - Distance of Node:0 from NodeIndex : 1 is :100000
2019-11-13 18:58:53 DEBUG Graph:233 - Distance of Node:1 from NodeIndex : 1 is :100005
2019-11-13 18:58:53 DEBUG Graph:233 - Distance of Node:2 from NodeIndex : 1 is :100007
2019-11-13 18:58:53 DEBUG Graph:233 - Distance of Node:3 from NodeIndex : 1 is :100014
2019-11-13 18:58:53 DEBUG Graph:233 - Distance of Node:4 from NodeIndex : 1 is :100013
2019-11-13 18:58:53 DEBUG Graph:233 - Distance of Node:5 from NodeIndex : 1 is :100011
2019-11-13 19:01:31 DEBUG Graph:233 - Distance of Node:0 from NodeIndex : 1 is :100000
2019-11-13 19:01:31 DEBUG Graph:233 - Distance of Node:1 from NodeIndex : 1 is :0
2019-11-13 19:01:31 DEBUG Graph:233 - Distance of Node:2 from NodeIndex : 1 is :2
2019-11-13 19:01:31 DEBUG Graph:233 - Distance of Node:3 from NodeIndex : 1 is :6
2019-11-13 19:01:31 DEBUG Graph:233 - Distance of Node:4 from NodeIndex : 1 is :5
2019-11-13 19:01:31 DEBUG Graph:233 - Distance of Node:5 from NodeIndex : 1 is :3
2019-11-13 20:32:01 DEBUG TestGraph:139 - true
2019-11-13 20:32:30 DEBUG TestGraph:139 - false
2019-11-14 20:20:09 DEBUG TestGraph:153 - true
2019-11-14 20:29:49 DEBUG TestGraph:153 - false
2019-11-14 20:30:48 DEBUG TestGraph:155 - true
2019-11-14 21:08:05 DEBUG Graph:286 - Distance of Node:0 from NodeIndex : 1 is :100000
2019-11-14 21:08:05 DEBUG Graph:286 - Distance of Node:1 from NodeIndex : 1 is :0
2019-11-14 21:08:05 DEBUG Graph:286 - Distance of Node:2 from NodeIndex : 1 is :2
2019-11-14 21:08:05 DEBUG Graph:286 - Distance of Node:3 from NodeIndex : 1 is :6
2019-11-14 21:08:05 DEBUG Graph:286 - Distance of Node:4 from NodeIndex : 1 is :5
2019-11-14 21:08:05 DEBUG Graph:286 - Distance of Node:5 from NodeIndex : 1 is :3
2019-11-14 21:08:05 DEBUG TestGraph:40 - Testing BFS
2019-11-14 21:08:05 DEBUG Graph:61 - Node visited is :2
2019-11-14 21:08:05 DEBUG Graph:61 - Node visited is :0
2019-11-14 21:08:05 DEBUG Graph:61 - Node visited is :3
2019-11-14 21:08:05 DEBUG Graph:61 - Node visited is :1
2019-11-14 21:08:05 DEBUG TestGraph:57 - Testing DFS
2019-11-14 21:08:05 DEBUG Graph:90 - Node visited is :2
2019-11-14 21:08:05 DEBUG Graph:90 - Node visited is :3
2019-11-14 21:08:05 DEBUG Graph:90 - Node visited is :0
2019-11-14 21:08:05 DEBUG Graph:90 - Node visited is :1
2019-11-14 21:08:05 DEBUG TestGraph:21 - Testing Graph Representation
2019-11-14 21:08:05 DEBUG Graph:239 - Edges passing out of Index v : 0
2019-11-14 21:08:05 DEBUG Graph:242 - /t1---> 0weight :0
2019-11-14 21:08:05 DEBUG Graph:242 - /t2---> 0weight :0
2019-11-14 21:08:05 DEBUG Graph:239 - Edges passing out of Index v : 1
2019-11-14 21:08:05 DEBUG Graph:242 - /t2---> 1weight :0
2019-11-14 21:08:05 DEBUG Graph:239 - Edges passing out of Index v : 2
2019-11-14 21:08:05 DEBUG Graph:242 - /t0---> 2weight :0
2019-11-14 21:08:05 DEBUG Graph:242 - /t3---> 2weight :0
2019-11-14 21:08:05 DEBUG Graph:239 - Edges passing out of Index v : 3
2019-11-14 21:08:05 DEBUG Graph:242 - /t3---> 3weight :0
2019-11-14 21:08:05 DEBUG TestGraph:75 - Testing if the directed graph is cyclic
2019-11-14 21:26:45 DEBUG Graph:381 - Edge is : 0 ----> n2 .weight is : 5
2019-11-14 21:26:45 DEBUG Graph:381 - Edge is : 2 ----> n2 .weight is : 6
2019-11-14 21:26:45 DEBUG Graph:381 - Edge is : 1 ----> n2 .weight is : 15
2019-11-14 21:27:24 DEBUG Graph:381 - Edge is : 0 ----> 3 .weight is : 5
2019-11-14 21:27:24 DEBUG Graph:381 - Edge is : 2 ----> 0 .weight is : 6
2019-11-14 21:27:24 DEBUG Graph:381 - Edge is : 1 ----> 3 .weight is : 15
2019-11-14 21:33:28 DEBUG Graph:382 - Edge is : 3 ----> 2 .weight is : 4
2019-11-14 21:33:28 DEBUG Graph:382 - Edge is : 0 ----> 3 .weight is : 5
2019-11-14 21:33:28 DEBUG Graph:382 - Edge is : 0 ----> 1 .weight is : 10
2019-12-01 11:57:02 DEBUG TestGraph:110 - Following is a Topological sort of the given graph
2019-12-01 11:57:02 DEBUG TestGraph:119 - 5 
2019-12-01 11:57:02 DEBUG TestGraph:119 - 4 
2019-12-01 11:57:02 DEBUG TestGraph:119 - 2 
2019-12-01 11:57:02 DEBUG TestGraph:119 - 3 
2019-12-01 11:57:02 DEBUG TestGraph:119 - 0 
2019-12-01 11:57:02 DEBUG TestGraph:119 - 1 
2019-12-01 11:57:19 DEBUG TestGraph:110 - Following is a Topological sort of the given graph
2019-12-01 11:57:19 DEBUG TestGraph:119 - 1 
2019-12-01 11:57:19 DEBUG TestGraph:119 - 0 
2019-12-01 12:03:57 DEBUG TestGraph:110 - Following is a Topological sort of the given graph
2019-12-01 12:03:57 DEBUG TestGraph:119 - 1 
2019-12-01 12:03:57 DEBUG TestGraph:119 - 0 
2019-12-01 12:11:19 DEBUG TestGraph:110 - Following is a Topological sort of the given graph
2019-12-01 12:11:19 DEBUG TestGraph:119 - 0 
2019-12-01 12:11:50 DEBUG TestGraph:101 - Following is a Topological sort of the g1 graph
2019-12-01 12:11:50 DEBUG TestGraph:106 - 5 
2019-12-01 12:11:50 DEBUG TestGraph:106 - 4 
2019-12-01 12:11:50 DEBUG TestGraph:106 - 2 
2019-12-01 12:11:50 DEBUG TestGraph:106 - 3 
2019-12-01 12:11:50 DEBUG TestGraph:106 - 1 
2019-12-01 12:11:50 DEBUG TestGraph:106 - 0 
2019-12-01 12:11:50 DEBUG TestGraph:110 - Following is a Topological sort of the g2 graph
2019-12-01 12:11:50 DEBUG TestGraph:119 - 0 
2019-12-26 09:27:07 DEBUG TestGraph:154 - false
2019-12-26 09:29:55 DEBUG TestGraph:154 - false
